2026-04-02 10:30:58.135 [INFO] [Dapper] 表 capacity_buffer 初始化完成（pipeline.db）
2026-04-02 10:30:58.158 [INFO] [Dapper] 表 device_log_buffer 初始化完成（pipeline.db）
2026-04-02 10:30:58.159 [INFO] [Dapper] 表 failed_cell_records 初始化完成（pipeline.db）
2026-04-02 10:30:58.247 [INFO] [ContextStore] 已恢复 2 台设备的生产上下文
2026-04-02 10:30:58.250 [INFO]   [test] 在制电芯: 0个, 步骤: 无, 当天产能: 白班=0/夜班=0
2026-04-02 10:30:58.251 [INFO]   [test2] 在制电芯: 0个, 步骤: 无, 当天产能: 白班=0/夜班=0
2026-04-02 10:30:58.252 [INFO] [Recipe] 配方加载完成: 云端 0 个参数，本地 0 个参数
2026-04-02 10:30:58.252 [INFO] [Lifecycle] 生产上下文 + 配方数据已加载
2026-04-02 10:31:00.553 [INFO] [DeviceService] 心跳循环启动
2026-04-02 10:31:00.911 [INFO] PLC任务体系初始化完成
2026-04-02 10:31:02.037 [INFO] [CapacitySync] 产能同步启动，间隔 60 秒
2026-04-02 10:31:02.046 [INFO] RetryTask[Cloud] 启动，执行间隔: 5000ms
2026-04-02 10:31:02.046 [INFO] ProcessQueueTask 启动，执行间隔: 50ms
2026-04-02 10:31:02.046 [INFO] RetryTask[MES] 启动，执行间隔: 5000ms
2026-04-02 10:31:02.277 [INFO] [DeviceLogSync] 日志同步启动，间隔 60 秒
2026-04-02 10:31:02.382 [INFO] [Lifecycle] 所有后台服务已启动
2026-04-02 10:31:02.390 [INFO] [DeviceService] 设备信息更新: 注液测试机 (00155D9E7ADC)
2026-04-02 10:31:02.457 [INFO] [DeviceService] 状态切换 → Online
2026-04-02 10:31:07.822 [INFO] [重传-Cloud] OFFLINE-001 补传成功，已从重传队列移除
2026-04-02 10:31:07.834 [INFO] [重传-Cloud] OFFLINE-002 补传成功，已从重传队列移除
2026-04-02 10:31:07.862 [INFO] [重传-Cloud] OFFLINE-003 补传成功，已从重传队列移除
2026-04-02 10:31:07.895 [INFO] [重传-Cloud] OFFLINE-004 补传成功，已从重传队列移除
2026-04-02 10:31:07.921 [INFO] [重传-Cloud] OFFLINE-005 补传成功，已从重传队列移除
2026-04-02 10:31:08.893 [WARN] [重传-Cloud] 产能补传失败 2026-01-01/D
2026-04-02 10:31:14.488 [WARN] [重传-Cloud] 产能补传失败 2026-01-01/D
2026-04-02 10:31:20.179 [WARN] [重传-Cloud] 产能补传失败 2026-01-01/D
2026-04-02 10:31:25.732 [WARN] [重传-Cloud] 产能补传失败 2026-01-01/D
2026-04-02 10:31:30.563 [INFO] [ContextStore] 已保存 2 台设备的生产上下文
2026-04-02 10:31:31.576 [WARN] [重传-Cloud] 产能补传失败 2026-01-01/D
2026-04-02 10:31:37.361 [WARN] [重传-Cloud] 产能补传失败 2026-01-01/D
2026-04-02 10:31:41.446 [INFO] ProcessQueueTask 已停止
2026-04-02 10:31:41.446 [INFO] RetryTask[MES] 已停止
2026-04-02 10:31:41.446 [INFO] RetryTask[Cloud] 已停止
2026-04-02 10:31:41.461 [INFO] [ContextStore] 已保存 2 台设备的生产上下文
2026-04-02 10:31:41.486 [INFO] [DeviceService] 心跳循环停止
2026-04-02 10:31:41.551 [INFO] [CapacitySync] 产能同步已停止
2026-04-02 10:31:41.663 [INFO] [Lifecycle] 生产上下文 + 配方数据已保存
2026-04-02 10:31:41.716 [INFO] [ContextStore] 已保存 2 台设备的生产上下文
2026-04-02 10:31:41.730 [INFO] [Lifecycle] 所有服务已停止
2026-04-02 10:34:26.998 [INFO] [Dapper] 表 capacity_buffer 初始化完成（pipeline.db）
2026-04-02 10:34:27.036 [INFO] [Dapper] 表 device_log_buffer 初始化完成（pipeline.db）
2026-04-02 10:34:27.036 [INFO] [Dapper] 表 failed_cell_records 初始化完成（pipeline.db）
2026-04-02 10:34:27.109 [INFO] [ContextStore] 已恢复 2 台设备的生产上下文
2026-04-02 10:34:27.111 [INFO]   [test] 在制电芯: 0个, 步骤: 无, 当天产能: 白班=0/夜班=0
2026-04-02 10:34:27.112 [INFO]   [test2] 在制电芯: 0个, 步骤: 无, 当天产能: 白班=0/夜班=0
2026-04-02 10:34:27.113 [INFO] [Recipe] 配方加载完成: 云端 0 个参数，本地 0 个参数
2026-04-02 10:34:27.113 [INFO] [Lifecycle] 生产上下文 + 配方数据已加载
2026-04-02 10:34:29.118 [INFO] [DeviceService] 心跳循环启动
2026-04-02 10:34:29.458 [INFO] PLC任务体系初始化完成
2026-04-02 10:34:30.256 [INFO] [CapacitySync] 产能同步启动，间隔 60 秒
2026-04-02 10:34:30.258 [INFO] ProcessQueueTask 启动，执行间隔: 50ms
2026-04-02 10:34:30.258 [INFO] RetryTask[Cloud] 启动，执行间隔: 5000ms
2026-04-02 10:34:30.258 [INFO] RetryTask[MES] 启动，执行间隔: 5000ms
2026-04-02 10:34:30.489 [INFO] [DeviceLogSync] 日志同步启动，间隔 60 秒
2026-04-02 10:34:30.492 [INFO] [DeviceService] 设备信息更新: 注液测试机 (00155D9E7ADC)
2026-04-02 10:34:30.575 [INFO] [Lifecycle] 所有后台服务已启动
2026-04-02 10:34:30.645 [INFO] [DeviceService] 状态切换 → Online
2026-04-02 10:34:39.336 [WARN] [重传-Cloud] 产能半小时补传失败 2026-01-01 00:00/N
2026-04-02 10:34:48.666 [WARN] [重传-Cloud] 产能半小时补传失败 2026-01-01 00:00/N
2026-04-02 10:34:57.952 [WARN] [重传-Cloud] 产能半小时补传失败 2026-01-01 00:00/N
2026-04-02 10:34:59.139 [INFO] [ContextStore] 已保存 2 台设备的生产上下文
2026-04-02 10:35:06.690 [WARN] [重传-Cloud] 产能半小时补传失败 2026-01-01 00:00/N
2026-04-02 10:35:15.445 [WARN] [重传-Cloud] 产能半小时补传失败 2026-01-01 00:00/N
2026-04-02 10:35:24.219 [WARN] [重传-Cloud] 产能半小时补传失败 2026-01-01 00:00/N
2026-04-02 10:35:29.161 [INFO] [ContextStore] 已保存 2 台设备的生产上下文
2026-04-02 10:35:32.991 [WARN] [重传-Cloud] 产能半小时补传失败 2026-01-01 00:00/N
2026-04-02 10:35:33.854 [WARN] [DeviceService] 云端寻址超时
2026-04-02 10:35:33.934 [INFO] [DeviceService] 状态切换 → Offline
2026-04-02 10:35:47.160 [WARN] [DeviceService] 云端寻址超时
2026-04-02 10:35:59.194 [INFO] [ContextStore] 已保存 2 台设备的生产上下文
2026-04-02 10:36:00.333 [WARN] [DeviceService] 云端寻址超时
2026-04-02 10:36:13.500 [WARN] [DeviceService] 云端寻址超时
2026-04-02 10:36:26.682 [WARN] [DeviceService] 云端寻址超时
2026-04-02 10:36:29.211 [INFO] [ContextStore] 已保存 2 台设备的生产上下文
2026-04-02 10:36:39.892 [WARN] [DeviceService] 云端寻址超时
2026-04-02 10:36:53.037 [WARN] [DeviceService] 云端寻址超时
2026-04-02 10:36:59.226 [INFO] [ContextStore] 已保存 2 台设备的生产上下文
2026-04-02 10:37:06.243 [WARN] [DeviceService] 云端寻址超时
2026-04-02 10:37:19.359 [WARN] [DeviceService] 云端寻址超时
2026-04-02 10:37:29.240 [INFO] [ContextStore] 已保存 2 台设备的生产上下文
2026-04-02 10:37:32.567 [WARN] [DeviceService] 云端寻址超时
2026-04-02 10:37:45.708 [WARN] [DeviceService] 云端寻址超时
2026-04-02 10:37:58.862 [WARN] [DeviceService] 云端寻址超时
2026-04-02 10:37:59.260 [INFO] [ContextStore] 已保存 2 台设备的生产上下文
2026-04-02 10:38:11.979 [WARN] [DeviceService] 云端寻址超时
2026-04-02 10:38:25.147 [WARN] [DeviceService] 云端寻址超时
2026-04-02 10:38:29.377 [INFO] [ContextStore] 已保存 2 台设备的生产上下文
2026-04-02 10:38:38.302 [WARN] [DeviceService] 云端寻址超时
2026-04-02 10:38:51.477 [WARN] [DeviceService] 云端寻址超时
2026-04-02 10:38:59.392 [INFO] [ContextStore] 已保存 2 台设备的生产上下文
2026-04-02 10:39:04.620 [WARN] [DeviceService] 云端寻址超时
2026-04-02 10:39:17.722 [WARN] [DeviceService] 云端寻址超时
2026-04-02 10:39:29.397 [INFO] [ContextStore] 已保存 2 台设备的生产上下文
2026-04-02 10:39:30.881 [WARN] [DeviceService] 云端寻址超时
2026-04-02 10:39:44.002 [WARN] [DeviceService] 云端寻址超时
2026-04-02 10:39:57.226 [WARN] [DeviceService] 云端寻址超时
2026-04-02 10:39:59.420 [INFO] [ContextStore] 已保存 2 台设备的生产上下文
2026-04-02 10:40:10.389 [WARN] [DeviceService] 云端寻址超时
2026-04-02 10:40:23.520 [WARN] [DeviceService] 云端寻址超时
2026-04-02 10:40:29.436 [INFO] [ContextStore] 已保存 2 台设备的生产上下文
2026-04-02 10:40:36.659 [WARN] [DeviceService] 云端寻址超时
2026-04-02 10:40:49.788 [WARN] [DeviceService] 云端寻址超时
2026-04-02 10:40:59.450 [INFO] [ContextStore] 已保存 2 台设备的生产上下文
2026-04-02 10:41:02.928 [WARN] [DeviceService] 云端寻址超时
2026-04-02 10:41:16.113 [WARN] [DeviceService] 云端寻址超时
2026-04-02 10:41:29.245 [WARN] [DeviceService] 云端寻址超时
2026-04-02 10:41:29.678 [INFO] [ContextStore] 已保存 2 台设备的生产上下文
2026-04-02 10:41:42.374 [WARN] [DeviceService] 云端寻址超时
2026-04-02 10:41:55.605 [WARN] [DeviceService] 云端寻址超时
2026-04-02 10:41:59.693 [INFO] [ContextStore] 已保存 2 台设备的生产上下文
2026-04-02 10:42:08.768 [WARN] [DeviceService] 云端寻址超时
2026-04-02 10:42:21.895 [WARN] [DeviceService] 云端寻址超时
2026-04-02 10:42:29.704 [INFO] [ContextStore] 已保存 2 台设备的生产上下文
2026-04-02 10:42:35.016 [WARN] [DeviceService] 云端寻址超时
2026-04-02 10:42:48.217 [WARN] [DeviceService] 云端寻址超时
2026-04-02 10:42:59.718 [INFO] [ContextStore] 已保存 2 台设备的生产上下文
2026-04-02 10:43:01.350 [WARN] [DeviceService] 云端寻址超时
2026-04-02 10:43:14.465 [WARN] [DeviceService] 云端寻址超时
2026-04-02 10:43:27.671 [WARN] [DeviceService] 云端寻址超时
2026-04-02 10:43:29.750 [INFO] [ContextStore] 已保存 2 台设备的生产上下文
2026-04-02 10:43:40.859 [WARN] [DeviceService] 云端寻址超时
2026-04-02 10:43:54.027 [WARN] [DeviceService] 云端寻址超时
2026-04-02 10:43:59.761 [INFO] [ContextStore] 已保存 2 台设备的生产上下文
2026-04-02 10:44:07.208 [WARN] [DeviceService] 云端寻址超时
2026-04-02 10:44:20.442 [WARN] [DeviceService] 云端寻址超时
2026-04-02 10:44:29.777 [INFO] [ContextStore] 已保存 2 台设备的生产上下文
2026-04-02 10:44:33.720 [WARN] [DeviceService] 云端寻址超时
2026-04-02 10:44:46.894 [WARN] [DeviceService] 云端寻址超时
2026-04-02 10:44:59.783 [INFO] [ContextStore] 已保存 2 台设备的生产上下文
2026-04-02 10:45:00.001 [WARN] [DeviceService] 云端寻址超时
2026-04-02 10:45:13.163 [WARN] [DeviceService] 云端寻址超时
2026-04-02 10:45:26.304 [WARN] [DeviceService] 云端寻址超时
2026-04-02 10:45:29.804 [INFO] [ContextStore] 已保存 2 台设备的生产上下文
2026-04-02 10:45:39.446 [WARN] [DeviceService] 云端寻址超时
2026-04-02 10:45:52.575 [WARN] [DeviceService] 云端寻址超时
2026-04-02 10:45:59.833 [INFO] [ContextStore] 已保存 2 台设备的生产上下文
2026-04-02 10:46:05.775 [WARN] [DeviceService] 云端寻址超时
2026-04-02 10:46:18.903 [WARN] [DeviceService] 云端寻址超时
2026-04-02 10:46:29.850 [INFO] [ContextStore] 已保存 2 台设备的生产上下文
2026-04-02 10:46:32.026 [WARN] [DeviceService] 云端寻址超时
2026-04-02 10:46:45.146 [WARN] [DeviceService] 云端寻址超时
2026-04-02 10:46:58.362 [WARN] [DeviceService] 云端寻址超时
2026-04-02 10:46:59.882 [INFO] [ContextStore] 已保存 2 台设备的生产上下文
2026-04-02 10:47:11.553 [WARN] [DeviceService] 云端寻址超时
2026-04-02 10:47:24.672 [WARN] [DeviceService] 云端寻址超时
2026-04-02 10:47:29.900 [INFO] [ContextStore] 已保存 2 台设备的生产上下文
2026-04-02 10:47:37.823 [WARN] [DeviceService] 云端寻址超时
2026-04-02 10:47:50.967 [WARN] [DeviceService] 云端寻址超时
2026-04-02 10:47:59.903 [INFO] [ContextStore] 已保存 2 台设备的生产上下文
2026-04-02 10:48:04.155 [WARN] [DeviceService] 云端寻址超时
2026-04-02 10:48:17.464 [WARN] [DeviceService] 云端寻址超时
2026-04-02 10:48:29.918 [INFO] [ContextStore] 已保存 2 台设备的生产上下文
2026-04-02 10:48:30.587 [WARN] [DeviceService] 云端寻址超时
2026-04-02 10:48:43.329 [WARN] [DeviceService] 网络异常: An error occurred while sending the request.
2026-04-02 10:48:45.566 [INFO] RetryTask[MES] 已停止
2026-04-02 10:48:45.566 [INFO] ProcessQueueTask 已停止
2026-04-02 10:48:45.566 [INFO] RetryTask[Cloud] 已停止
2026-04-02 10:48:45.631 [INFO] [ContextStore] 已保存 2 台设备的生产上下文
2026-04-02 10:48:45.680 [INFO] [CapacitySync] 产能同步已停止
2026-04-02 10:48:45.737 [INFO] [DeviceService] 心跳循环停止
2026-04-02 10:48:45.892 [INFO] [Lifecycle] 生产上下文 + 配方数据已保存
2026-04-02 10:48:45.962 [INFO] [ContextStore] 已保存 2 台设备的生产上下文
2026-04-02 10:48:45.964 [INFO] [Lifecycle] 所有服务已停止
2026-04-02 10:51:43.829 [INFO] [Dapper] 表 capacity_buffer 初始化完成（pipeline.db）
2026-04-02 10:51:43.858 [INFO] [Dapper] 表 device_log_buffer 初始化完成（pipeline.db）
2026-04-02 10:51:43.858 [INFO] [Dapper] 表 failed_cell_records 初始化完成（pipeline.db）
2026-04-02 10:51:43.934 [INFO] [ContextStore] 已恢复 2 台设备的生产上下文
2026-04-02 10:51:43.938 [INFO]   [test] 在制电芯: 0个, 步骤: 无, 当天产能: 白班=0/夜班=0
2026-04-02 10:51:43.938 [INFO]   [test2] 在制电芯: 0个, 步骤: 无, 当天产能: 白班=0/夜班=0
2026-04-02 10:51:43.939 [INFO] [Recipe] 配方加载完成: 云端 0 个参数，本地 0 个参数
2026-04-02 10:51:43.939 [INFO] [Lifecycle] 生产上下文 + 配方数据已加载
2026-04-02 10:51:45.477 [INFO] [DeviceService] 心跳循环启动
2026-04-02 10:51:45.753 [INFO] PLC任务体系初始化完成
2026-04-02 10:51:46.581 [INFO] [CapacitySync] 产能同步启动，间隔 60 秒
2026-04-02 10:51:46.626 [INFO] RetryTask[Cloud] 启动，执行间隔: 5000ms
2026-04-02 10:51:46.626 [INFO] ProcessQueueTask 启动，执行间隔: 50ms
2026-04-02 10:51:46.626 [INFO] RetryTask[MES] 启动，执行间隔: 5000ms
2026-04-02 10:51:46.729 [INFO] [DeviceLogSync] 日志同步启动，间隔 60 秒
2026-04-02 10:51:46.951 [INFO] [Lifecycle] 所有后台服务已启动
2026-04-02 10:51:49.685 [WARN] [DeviceService] 云端寻址超时
2026-04-02 10:51:49.721 [INFO] [DeviceService] 加载本地缓存: 注液测试机
2026-04-02 10:51:59.906 [INFO] [DeviceService] 状态切换 → Online
2026-04-02 10:52:15.497 [INFO] [ContextStore] 已保存 2 台设备的生产上下文
2026-04-02 10:52:27.009 [INFO] [重传-Cloud] 产能缓冲半小时补传完成，已清空 3969 条汇总
2026-04-02 10:52:45.604 [INFO] [ContextStore] 已保存 2 台设备的生产上下文
2026-04-02 10:53:15.632 [INFO] [ContextStore] 已保存 2 台设备的生产上下文
2026-04-02 10:53:45.654 [INFO] [ContextStore] 已保存 2 台设备的生产上下文
2026-04-02 10:54:15.664 [INFO] [ContextStore] 已保存 2 台设备的生产上下文
2026-04-02 10:54:45.675 [INFO] [ContextStore] 已保存 2 台设备的生产上下文
2026-04-02 10:55:15.692 [INFO] [ContextStore] 已保存 2 台设备的生产上下文
2026-04-02 10:55:45.704 [INFO] [ContextStore] 已保存 2 台设备的生产上下文
2026-04-02 10:56:15.744 [INFO] [ContextStore] 已保存 2 台设备的生产上下文
2026-04-02 10:56:45.763 [INFO] [ContextStore] 已保存 2 台设备的生产上下文
2026-04-02 10:57:15.774 [INFO] [ContextStore] 已保存 2 台设备的生产上下文
2026-04-02 10:57:45.785 [INFO] [ContextStore] 已保存 2 台设备的生产上下文
2026-04-02 10:58:15.810 [INFO] [ContextStore] 已保存 2 台设备的生产上下文
2026-04-02 10:58:45.831 [INFO] [ContextStore] 已保存 2 台设备的生产上下文
2026-04-02 10:59:15.838 [INFO] [ContextStore] 已保存 2 台设备的生产上下文
2026-04-02 10:59:45.858 [INFO] [ContextStore] 已保存 2 台设备的生产上下文
2026-04-02 11:00:15.875 [INFO] [ContextStore] 已保存 2 台设备的生产上下文
2026-04-02 11:00:46.011 [INFO] [ContextStore] 已保存 2 台设备的生产上下文
2026-04-02 11:01:16.054 [INFO] [ContextStore] 已保存 2 台设备的生产上下文
2026-04-02 11:01:46.069 [INFO] [ContextStore] 已保存 2 台设备的生产上下文
2026-04-02 11:02:16.081 [INFO] [ContextStore] 已保存 2 台设备的生产上下文
2026-04-02 11:02:46.095 [INFO] [ContextStore] 已保存 2 台设备的生产上下文
2026-04-02 11:03:16.127 [INFO] [ContextStore] 已保存 2 台设备的生产上下文
2026-04-02 11:03:46.133 [INFO] [ContextStore] 已保存 2 台设备的生产上下文
2026-04-02 11:04:16.148 [INFO] [ContextStore] 已保存 2 台设备的生产上下文
2026-04-02 11:04:46.155 [INFO] [ContextStore] 已保存 2 台设备的生产上下文
2026-04-02 11:05:16.172 [INFO] [ContextStore] 已保存 2 台设备的生产上下文
2026-04-02 11:05:46.185 [INFO] [ContextStore] 已保存 2 台设备的生产上下文
2026-04-02 11:06:16.191 [INFO] [ContextStore] 已保存 2 台设备的生产上下文
2026-04-02 11:06:46.209 [INFO] [ContextStore] 已保存 2 台设备的生产上下文
2026-04-02 11:07:16.221 [INFO] [ContextStore] 已保存 2 台设备的生产上下文
2026-04-02 11:07:46.230 [INFO] [ContextStore] 已保存 2 台设备的生产上下文
2026-04-02 11:08:16.245 [INFO] [ContextStore] 已保存 2 台设备的生产上下文
2026-04-02 11:08:46.263 [INFO] [ContextStore] 已保存 2 台设备的生产上下文
2026-04-02 11:09:01.612 [INFO] ProcessQueueTask 已停止
2026-04-02 11:09:01.640 [INFO] RetryTask[MES] 已停止
2026-04-02 11:09:01.680 [INFO] [CapacitySync] 产能同步已停止
2026-04-02 11:09:01.690 [INFO] [ContextStore] 已保存 2 台设备的生产上下文
2026-04-02 11:09:01.700 [INFO] [DeviceService] 心跳循环停止
2026-04-02 11:09:01.886 [INFO] [Lifecycle] 生产上下文 + 配方数据已保存
2026-04-02 11:09:04.614 [INFO] RetryTask[Cloud] 已停止
2026-04-02 11:09:09.892 [INFO] [ContextStore] 已保存 2 台设备的生产上下文
2026-04-02 11:09:09.921 [INFO] [Lifecycle] 所有服务已停止
