2026-04-01 17:09:27.997 [INFO] [Dapper] 表 capacity_buffer 初始化完成（pipeline.db）
2026-04-01 17:09:28.037 [INFO] [Dapper] 表 device_log_buffer 初始化完成（pipeline.db）
2026-04-01 17:09:28.042 [INFO] [Dapper] 表 failed_cell_records 初始化完成（pipeline.db）
2026-04-01 17:09:28.169 [INFO] [ContextStore] 已恢复 2 台设备的生产上下文
2026-04-01 17:09:28.173 [INFO]   [test] 在制电芯: 0个, 步骤: 无, 当天产能: 白班=0/夜班=0
2026-04-01 17:09:28.174 [INFO]   [test2] 在制电芯: 0个, 步骤: 无, 当天产能: 白班=0/夜班=0
2026-04-01 17:09:28.176 [INFO] [Recipe] 配方加载完成: 云端 0 个参数，本地 0 个参数
2026-04-01 17:09:28.177 [INFO] [Lifecycle] 生产上下文 + 配方数据已加载
2026-04-01 17:09:31.925 [INFO] [DeviceService] 心跳循环启动
2026-04-01 17:09:32.508 [INFO] PLC任务体系初始化完成
2026-04-01 17:09:33.721 [INFO] [CapacitySync] 产能同步启动，间隔 60 秒
2026-04-01 17:09:33.763 [INFO] RetryTask[Cloud] 启动，执行间隔: 5000ms
2026-04-01 17:09:33.763 [INFO] RetryTask[MES] 启动，执行间隔: 5000ms
2026-04-01 17:09:33.763 [INFO] ProcessQueueTask 启动，执行间隔: 50ms
2026-04-01 17:12:00.311 [INFO] [Dapper] 表 capacity_buffer 初始化完成（pipeline.db）
2026-04-01 17:12:00.339 [INFO] [Dapper] 表 device_log_buffer 初始化完成（pipeline.db）
2026-04-01 17:12:00.340 [INFO] [Dapper] 表 failed_cell_records 初始化完成（pipeline.db）
2026-04-01 17:12:00.412 [INFO] [ContextStore] 已恢复 2 台设备的生产上下文
2026-04-01 17:12:00.414 [INFO]   [test] 在制电芯: 0个, 步骤: 无, 当天产能: 白班=0/夜班=0
2026-04-01 17:12:00.414 [INFO]   [test2] 在制电芯: 0个, 步骤: 无, 当天产能: 白班=0/夜班=0
2026-04-01 17:12:00.415 [INFO] [Recipe] 配方加载完成: 云端 0 个参数，本地 0 个参数
2026-04-01 17:12:00.416 [INFO] [Lifecycle] 生产上下文 + 配方数据已加载
2026-04-01 17:12:02.815 [INFO] [DeviceService] 心跳循环启动
2026-04-01 17:12:03.158 [INFO] PLC任务体系初始化完成
2026-04-01 17:12:04.120 [INFO] [CapacitySync] 产能同步启动，间隔 60 秒
2026-04-01 17:12:04.151 [INFO] RetryTask[Cloud] 启动，执行间隔: 5000ms
2026-04-01 17:12:04.151 [INFO] RetryTask[MES] 启动，执行间隔: 5000ms
2026-04-01 17:12:04.151 [INFO] ProcessQueueTask 启动，执行间隔: 50ms
2026-04-01 17:12:04.358 [INFO] [DeviceLogSync] 日志同步启动，间隔 60 秒
2026-04-01 17:12:04.499 [INFO] [Lifecycle] 所有后台服务已启动
2026-04-01 17:12:04.524 [INFO] [DeviceService] 设备信息更新: 开发测试机 (00155D9E7ADC)
2026-04-01 17:12:04.588 [INFO] [DeviceService] 状态切换 → Online
2026-04-01 17:12:09.843 [INFO] [重传-Cloud] OFFLINE-001 补传成功，已从重传队列移除
2026-04-01 17:12:09.948 [INFO] [重传-Cloud] OFFLINE-002 补传成功，已从重传队列移除
2026-04-01 17:12:09.997 [INFO] [重传-Cloud] OFFLINE-003 补传成功，已从重传队列移除
2026-04-01 17:12:10.020 [INFO] [重传-Cloud] OFFLINE-004 补传成功，已从重传队列移除
2026-04-01 17:12:10.071 [INFO] [重传-Cloud] OFFLINE-005 补传成功，已从重传队列移除
2026-04-01 17:12:10.188 [INFO] [重传-Cloud] 产能缓冲半小时补传完成，已清空 1 条汇总
2026-04-01 17:12:32.829 [INFO] [ContextStore] 已保存 2 台设备的生产上下文
2026-04-01 17:12:55.132 [INFO] ProcessQueueTask 已停止
2026-04-01 17:12:55.161 [INFO] RetryTask[MES] 已停止
2026-04-01 17:12:55.161 [INFO] RetryTask[Cloud] 已停止
2026-04-01 17:12:55.173 [INFO] [ContextStore] 已保存 2 台设备的生产上下文
2026-04-01 17:12:55.268 [INFO] [CapacitySync] 产能同步已停止
2026-04-01 17:12:55.380 [INFO] [DeviceService] 心跳循环停止
2026-04-01 17:12:55.410 [INFO] [Lifecycle] 生产上下文 + 配方数据已保存
2026-04-01 17:12:55.466 [INFO] [ContextStore] 已保存 2 台设备的生产上下文
2026-04-01 17:12:55.511 [INFO] [Lifecycle] 所有服务已停止
