2026-03-31 08:55:48.396 [INFO] [Dapper] 表 capacity_buffer 初始化完成（pipeline.db）
2026-03-31 08:55:48.424 [INFO] [Dapper] 表 failed_cell_records 初始化完成（pipeline.db）
2026-03-31 08:55:48.472 [INFO] [ContextStore] 已恢复 2 台设备的生产上下文
2026-03-31 08:55:48.474 [INFO]   [test] 在制电芯: 0个, 步骤: 无, 当天产能: 白班=0/夜班=0
2026-03-31 08:55:48.474 [INFO]   [test2] 在制电芯: 0个, 步骤: 无, 当天产能: 白班=0/夜班=0
2026-03-31 08:55:48.474 [INFO] [Lifecycle] 生产上下文已加载
2026-03-31 08:55:50.097 [INFO] [DeviceService] 心跳循环启动
2026-03-31 08:55:50.450 [INFO] PLC任务体系初始化完成
2026-03-31 08:55:51.355 [INFO] [Lifecycle] 所有后台服务已启动
2026-03-31 08:55:51.381 [INFO] [CapacitySync] 产能同步启动，间隔 30 分钟
2026-03-31 08:55:51.382 [INFO] RetryTask[MES] 启动，执行间隔: 5000ms
2026-03-31 08:55:51.382 [INFO] ProcessQueueTask 启动，执行间隔: 50ms
2026-03-31 08:55:51.382 [INFO] RetryTask[Cloud] 启动，执行间隔: 5000ms
2026-03-31 08:55:54.284 [WARN] [DeviceService] 云端寻址超时
2026-03-31 08:56:20.147 [INFO] [ContextStore] 已保存 2 台设备的生产上下文
2026-03-31 08:56:27.613 [WARN] [DeviceService] 云端寻址超时
2026-03-31 08:56:29.751 [INFO] [DeviceService] 心跳循环停止
2026-03-31 08:56:29.751 [INFO] [CapacitySync] 产能同步已停止
2026-03-31 08:56:29.816 [INFO] [ContextStore] 已保存 2 台设备的生产上下文
2026-03-31 08:56:29.927 [INFO] [Lifecycle] 生产上下文已保存
2026-03-31 08:56:29.931 [INFO] [ContextStore] 已保存 2 台设备的生产上下文
2026-03-31 08:56:29.932 [INFO] [Lifecycle] 所有服务已停止
2026-03-31 10:57:27.340 [INFO] [Dapper] 表 capacity_buffer 初始化完成（pipeline.db）
2026-03-31 10:57:27.378 [INFO] [Dapper] 表 device_log_buffer 初始化完成（pipeline.db）
2026-03-31 10:57:27.384 [INFO] [Dapper] 表 failed_cell_records 初始化完成（pipeline.db）
2026-03-31 10:57:27.456 [INFO] [ContextStore] 已恢复 2 台设备的生产上下文
2026-03-31 10:57:27.458 [INFO]   [test] 在制电芯: 0个, 步骤: 无, 当天产能: 白班=0/夜班=0
2026-03-31 10:57:27.459 [INFO]   [test2] 在制电芯: 0个, 步骤: 无, 当天产能: 白班=0/夜班=0
2026-03-31 10:57:27.459 [INFO] [Lifecycle] 生产上下文已加载
2026-03-31 10:57:29.415 [INFO] [DeviceService] 心跳循环启动
2026-03-31 10:57:29.782 [INFO] PLC任务体系初始化完成
2026-03-31 10:57:30.502 [INFO] [CapacitySync] 产能同步启动，间隔 60 秒
2026-03-31 10:57:30.535 [INFO] ProcessQueueTask 启动，执行间隔: 50ms
2026-03-31 10:57:30.535 [INFO] RetryTask[Cloud] 启动，执行间隔: 5000ms
2026-03-31 10:57:30.536 [INFO] RetryTask[MES] 启动，执行间隔: 5000ms
2026-03-31 10:57:30.801 [INFO] [DeviceLogSync] 日志同步启动，间隔 60 秒
2026-03-31 10:57:30.881 [INFO] [Lifecycle] 所有后台服务已启动
2026-03-31 10:57:33.455 [WARN] [DeviceService] 云端寻址超时
2026-03-31 10:57:36.163 [INFO] [CapacitySync] 产能同步已停止
2026-03-31 10:57:36.219 [INFO] [DeviceService] 心跳循环停止
2026-03-31 10:57:36.277 [INFO] [ContextStore] 已保存 2 台设备的生产上下文
2026-03-31 10:57:36.332 [INFO] [Lifecycle] 生产上下文已保存
2026-03-31 10:57:36.378 [INFO] [ContextStore] 已保存 2 台设备的生产上下文
2026-03-31 10:57:36.594 [INFO] [Lifecycle] 所有服务已停止
2026-03-31 10:59:00.905 [INFO] [Dapper] 表 capacity_buffer 初始化完成（pipeline.db）
2026-03-31 10:59:00.927 [INFO] [Dapper] 表 device_log_buffer 初始化完成（pipeline.db）
2026-03-31 10:59:00.928 [INFO] [Dapper] 表 failed_cell_records 初始化完成（pipeline.db）
2026-03-31 10:59:00.984 [INFO] [ContextStore] 已恢复 2 台设备的生产上下文
2026-03-31 10:59:00.986 [INFO]   [test] 在制电芯: 0个, 步骤: 无, 当天产能: 白班=0/夜班=0
2026-03-31 10:59:00.986 [INFO]   [test2] 在制电芯: 0个, 步骤: 无, 当天产能: 白班=0/夜班=0
2026-03-31 10:59:00.986 [INFO] [Lifecycle] 生产上下文已加载
2026-03-31 10:59:02.452 [INFO] [DeviceService] 心跳循环启动
2026-03-31 10:59:02.828 [INFO] PLC任务体系初始化完成
2026-03-31 10:59:03.594 [INFO] [CapacitySync] 产能同步启动，间隔 60 秒
2026-03-31 10:59:03.623 [INFO] ProcessQueueTask 启动，执行间隔: 50ms
2026-03-31 10:59:03.623 [INFO] RetryTask[MES] 启动，执行间隔: 5000ms
2026-03-31 10:59:03.623 [INFO] RetryTask[Cloud] 启动，执行间隔: 5000ms
2026-03-31 10:59:03.969 [INFO] [DeviceLogSync] 日志同步启动，间隔 60 秒
2026-03-31 10:59:04.036 [INFO] [Lifecycle] 所有后台服务已启动
2026-03-31 10:59:06.544 [WARN] [DeviceService] 云端寻址超时
2026-03-31 10:59:32.460 [INFO] [ContextStore] 已保存 2 台设备的生产上下文
2026-03-31 10:59:39.694 [WARN] [DeviceService] 云端寻址超时
2026-03-31 11:00:02.470 [INFO] [ContextStore] 已保存 2 台设备的生产上下文
2026-03-31 11:00:12.892 [WARN] [DeviceService] 云端寻址超时
2026-03-31 11:00:32.490 [INFO] [ContextStore] 已保存 2 台设备的生产上下文
2026-03-31 11:00:46.037 [WARN] [DeviceService] 云端寻址超时
2026-03-31 11:01:02.494 [INFO] [ContextStore] 已保存 2 台设备的生产上下文
2026-03-31 11:01:19.285 [WARN] [DeviceService] 云端寻址超时
2026-03-31 11:01:32.496 [INFO] [ContextStore] 已保存 2 台设备的生产上下文
2026-03-31 11:01:49.478 [INFO] [DeviceService] 设备信息更新: 测试开发设备 (00155D9E7ADC)
2026-03-31 11:01:49.507 [INFO] [DeviceService] 状态切换 → Online
2026-03-31 11:01:54.326 [ERROR] [Dapper] 查询失败 [capacity_buffer]: A parameterless default constructor or one matching signature (System.Byte[] Date, System.String ShiftCode, System.Byte[] Total, System.Byte[] OkCount, System.Byte[] NgCount) is required for IIoT.Edge.Contracts.DataPipeline.Stores.BufferSummaryDto materialization
2026-03-31 11:01:59.529 [ERROR] [Dapper] 查询失败 [capacity_buffer]: A parameterless default constructor or one matching signature (System.Byte[] Date, System.String ShiftCode, System.Byte[] Total, System.Byte[] OkCount, System.Byte[] NgCount) is required for IIoT.Edge.Contracts.DataPipeline.Stores.BufferSummaryDto materialization
2026-03-31 11:02:02.502 [INFO] [ContextStore] 已保存 2 台设备的生产上下文
2026-03-31 11:02:04.578 [ERROR] [Dapper] 查询失败 [capacity_buffer]: A parameterless default constructor or one matching signature (System.Byte[] Date, System.String ShiftCode, System.Byte[] Total, System.Byte[] OkCount, System.Byte[] NgCount) is required for IIoT.Edge.Contracts.DataPipeline.Stores.BufferSummaryDto materialization
2026-03-31 11:02:12.748 [ERROR] [Dapper] 查询失败 [capacity_buffer]: A parameterless default constructor or one matching signature (System.Byte[] Date, System.String ShiftCode, System.Byte[] Total, System.Byte[] OkCount, System.Byte[] NgCount) is required for IIoT.Edge.Contracts.DataPipeline.Stores.BufferSummaryDto materialization
2026-03-31 11:02:20.803 [ERROR] [Dapper] 查询失败 [capacity_buffer]: A parameterless default constructor or one matching signature (System.Byte[] Date, System.String ShiftCode, System.Byte[] Total, System.Byte[] OkCount, System.Byte[] NgCount) is required for IIoT.Edge.Contracts.DataPipeline.Stores.BufferSummaryDto materialization
2026-03-31 11:02:28.918 [ERROR] [Dapper] 查询失败 [capacity_buffer]: A parameterless default constructor or one matching signature (System.Byte[] Date, System.String ShiftCode, System.Byte[] Total, System.Byte[] OkCount, System.Byte[] NgCount) is required for IIoT.Edge.Contracts.DataPipeline.Stores.BufferSummaryDto materialization
2026-03-31 11:02:32.534 [INFO] [ContextStore] 已保存 2 台设备的生产上下文
2026-03-31 11:02:37.074 [ERROR] [Dapper] 查询失败 [capacity_buffer]: A parameterless default constructor or one matching signature (System.Byte[] Date, System.String ShiftCode, System.Byte[] Total, System.Byte[] OkCount, System.Byte[] NgCount) is required for IIoT.Edge.Contracts.DataPipeline.Stores.BufferSummaryDto materialization
2026-03-31 11:02:45.146 [ERROR] [Dapper] 查询失败 [capacity_buffer]: A parameterless default constructor or one matching signature (System.Byte[] Date, System.String ShiftCode, System.Byte[] Total, System.Byte[] OkCount, System.Byte[] NgCount) is required for IIoT.Edge.Contracts.DataPipeline.Stores.BufferSummaryDto materialization
2026-03-31 11:02:53.253 [ERROR] [Dapper] 查询失败 [capacity_buffer]: A parameterless default constructor or one matching signature (System.Byte[] Date, System.String ShiftCode, System.Byte[] Total, System.Byte[] OkCount, System.Byte[] NgCount) is required for IIoT.Edge.Contracts.DataPipeline.Stores.BufferSummaryDto materialization
2026-03-31 11:03:01.321 [ERROR] [Dapper] 查询失败 [capacity_buffer]: A parameterless default constructor or one matching signature (System.Byte[] Date, System.String ShiftCode, System.Byte[] Total, System.Byte[] OkCount, System.Byte[] NgCount) is required for IIoT.Edge.Contracts.DataPipeline.Stores.BufferSummaryDto materialization
2026-03-31 11:03:02.547 [INFO] [ContextStore] 已保存 2 台设备的生产上下文
2026-03-31 11:03:09.426 [ERROR] [Dapper] 查询失败 [capacity_buffer]: A parameterless default constructor or one matching signature (System.Byte[] Date, System.String ShiftCode, System.Byte[] Total, System.Byte[] OkCount, System.Byte[] NgCount) is required for IIoT.Edge.Contracts.DataPipeline.Stores.BufferSummaryDto materialization
2026-03-31 11:03:17.496 [ERROR] [Dapper] 查询失败 [capacity_buffer]: A parameterless default constructor or one matching signature (System.Byte[] Date, System.String ShiftCode, System.Byte[] Total, System.Byte[] OkCount, System.Byte[] NgCount) is required for IIoT.Edge.Contracts.DataPipeline.Stores.BufferSummaryDto materialization
2026-03-31 11:03:25.565 [ERROR] [Dapper] 查询失败 [capacity_buffer]: A parameterless default constructor or one matching signature (System.Byte[] Date, System.String ShiftCode, System.Byte[] Total, System.Byte[] OkCount, System.Byte[] NgCount) is required for IIoT.Edge.Contracts.DataPipeline.Stores.BufferSummaryDto materialization
2026-03-31 11:03:32.784 [INFO] [ContextStore] 已保存 2 台设备的生产上下文
2026-03-31 11:03:33.633 [ERROR] [Dapper] 查询失败 [capacity_buffer]: A parameterless default constructor or one matching signature (System.Byte[] Date, System.String ShiftCode, System.Byte[] Total, System.Byte[] OkCount, System.Byte[] NgCount) is required for IIoT.Edge.Contracts.DataPipeline.Stores.BufferSummaryDto materialization
2026-03-31 11:03:41.751 [ERROR] [Dapper] 查询失败 [capacity_buffer]: A parameterless default constructor or one matching signature (System.Byte[] Date, System.String ShiftCode, System.Byte[] Total, System.Byte[] OkCount, System.Byte[] NgCount) is required for IIoT.Edge.Contracts.DataPipeline.Stores.BufferSummaryDto materialization
2026-03-31 11:03:49.881 [ERROR] [Dapper] 查询失败 [capacity_buffer]: A parameterless default constructor or one matching signature (System.Byte[] Date, System.String ShiftCode, System.Byte[] Total, System.Byte[] OkCount, System.Byte[] NgCount) is required for IIoT.Edge.Contracts.DataPipeline.Stores.BufferSummaryDto materialization
2026-03-31 11:03:57.977 [ERROR] [Dapper] 查询失败 [capacity_buffer]: A parameterless default constructor or one matching signature (System.Byte[] Date, System.String ShiftCode, System.Byte[] Total, System.Byte[] OkCount, System.Byte[] NgCount) is required for IIoT.Edge.Contracts.DataPipeline.Stores.BufferSummaryDto materialization
2026-03-31 11:04:02.794 [INFO] [ContextStore] 已保存 2 台设备的生产上下文
2026-03-31 11:04:06.059 [ERROR] [Dapper] 查询失败 [capacity_buffer]: A parameterless default constructor or one matching signature (System.Byte[] Date, System.String ShiftCode, System.Byte[] Total, System.Byte[] OkCount, System.Byte[] NgCount) is required for IIoT.Edge.Contracts.DataPipeline.Stores.BufferSummaryDto materialization
2026-03-31 11:04:14.124 [ERROR] [Dapper] 查询失败 [capacity_buffer]: A parameterless default constructor or one matching signature (System.Byte[] Date, System.String ShiftCode, System.Byte[] Total, System.Byte[] OkCount, System.Byte[] NgCount) is required for IIoT.Edge.Contracts.DataPipeline.Stores.BufferSummaryDto materialization
2026-03-31 11:04:22.207 [ERROR] [Dapper] 查询失败 [capacity_buffer]: A parameterless default constructor or one matching signature (System.Byte[] Date, System.String ShiftCode, System.Byte[] Total, System.Byte[] OkCount, System.Byte[] NgCount) is required for IIoT.Edge.Contracts.DataPipeline.Stores.BufferSummaryDto materialization
2026-03-31 11:04:30.285 [ERROR] [Dapper] 查询失败 [capacity_buffer]: A parameterless default constructor or one matching signature (System.Byte[] Date, System.String ShiftCode, System.Byte[] Total, System.Byte[] OkCount, System.Byte[] NgCount) is required for IIoT.Edge.Contracts.DataPipeline.Stores.BufferSummaryDto materialization
2026-03-31 11:04:32.818 [INFO] [ContextStore] 已保存 2 台设备的生产上下文
2026-03-31 11:04:38.345 [ERROR] [Dapper] 查询失败 [capacity_buffer]: A parameterless default constructor or one matching signature (System.Byte[] Date, System.String ShiftCode, System.Byte[] Total, System.Byte[] OkCount, System.Byte[] NgCount) is required for IIoT.Edge.Contracts.DataPipeline.Stores.BufferSummaryDto materialization
2026-03-31 11:04:46.437 [ERROR] [Dapper] 查询失败 [capacity_buffer]: A parameterless default constructor or one matching signature (System.Byte[] Date, System.String ShiftCode, System.Byte[] Total, System.Byte[] OkCount, System.Byte[] NgCount) is required for IIoT.Edge.Contracts.DataPipeline.Stores.BufferSummaryDto materialization
2026-03-31 11:04:54.494 [ERROR] [Dapper] 查询失败 [capacity_buffer]: A parameterless default constructor or one matching signature (System.Byte[] Date, System.String ShiftCode, System.Byte[] Total, System.Byte[] OkCount, System.Byte[] NgCount) is required for IIoT.Edge.Contracts.DataPipeline.Stores.BufferSummaryDto materialization
2026-03-31 11:05:02.581 [ERROR] [Dapper] 查询失败 [capacity_buffer]: A parameterless default constructor or one matching signature (System.Byte[] Date, System.String ShiftCode, System.Byte[] Total, System.Byte[] OkCount, System.Byte[] NgCount) is required for IIoT.Edge.Contracts.DataPipeline.Stores.BufferSummaryDto materialization
2026-03-31 11:05:02.858 [INFO] [ContextStore] 已保存 2 台设备的生产上下文
2026-03-31 11:05:10.698 [ERROR] [Dapper] 查询失败 [capacity_buffer]: A parameterless default constructor or one matching signature (System.Byte[] Date, System.String ShiftCode, System.Byte[] Total, System.Byte[] OkCount, System.Byte[] NgCount) is required for IIoT.Edge.Contracts.DataPipeline.Stores.BufferSummaryDto materialization
2026-03-31 11:05:18.754 [ERROR] [Dapper] 查询失败 [capacity_buffer]: A parameterless default constructor or one matching signature (System.Byte[] Date, System.String ShiftCode, System.Byte[] Total, System.Byte[] OkCount, System.Byte[] NgCount) is required for IIoT.Edge.Contracts.DataPipeline.Stores.BufferSummaryDto materialization
2026-03-31 11:05:26.835 [ERROR] [Dapper] 查询失败 [capacity_buffer]: A parameterless default constructor or one matching signature (System.Byte[] Date, System.String ShiftCode, System.Byte[] Total, System.Byte[] OkCount, System.Byte[] NgCount) is required for IIoT.Edge.Contracts.DataPipeline.Stores.BufferSummaryDto materialization
2026-03-31 11:05:32.869 [INFO] [ContextStore] 已保存 2 台设备的生产上下文
2026-03-31 11:05:34.898 [ERROR] [Dapper] 查询失败 [capacity_buffer]: A parameterless default constructor or one matching signature (System.Byte[] Date, System.String ShiftCode, System.Byte[] Total, System.Byte[] OkCount, System.Byte[] NgCount) is required for IIoT.Edge.Contracts.DataPipeline.Stores.BufferSummaryDto materialization
2026-03-31 11:05:43.022 [ERROR] [Dapper] 查询失败 [capacity_buffer]: A parameterless default constructor or one matching signature (System.Byte[] Date, System.String ShiftCode, System.Byte[] Total, System.Byte[] OkCount, System.Byte[] NgCount) is required for IIoT.Edge.Contracts.DataPipeline.Stores.BufferSummaryDto materialization
2026-03-31 11:05:51.128 [ERROR] [Dapper] 查询失败 [capacity_buffer]: A parameterless default constructor or one matching signature (System.Byte[] Date, System.String ShiftCode, System.Byte[] Total, System.Byte[] OkCount, System.Byte[] NgCount) is required for IIoT.Edge.Contracts.DataPipeline.Stores.BufferSummaryDto materialization
2026-03-31 11:05:59.199 [ERROR] [Dapper] 查询失败 [capacity_buffer]: A parameterless default constructor or one matching signature (System.Byte[] Date, System.String ShiftCode, System.Byte[] Total, System.Byte[] OkCount, System.Byte[] NgCount) is required for IIoT.Edge.Contracts.DataPipeline.Stores.BufferSummaryDto materialization
2026-03-31 11:06:02.890 [INFO] [ContextStore] 已保存 2 台设备的生产上下文
2026-03-31 11:06:07.266 [ERROR] [Dapper] 查询失败 [capacity_buffer]: A parameterless default constructor or one matching signature (System.Byte[] Date, System.String ShiftCode, System.Byte[] Total, System.Byte[] OkCount, System.Byte[] NgCount) is required for IIoT.Edge.Contracts.DataPipeline.Stores.BufferSummaryDto materialization
2026-03-31 11:07:37.651 [INFO] [ContextStore] 已保存 2 台设备的生产上下文
2026-03-31 11:07:40.676 [ERROR] [Dapper] 查询失败 [capacity_buffer]: A parameterless default constructor or one matching signature (System.Byte[] Date, System.String ShiftCode, System.Byte[] Total, System.Byte[] OkCount, System.Byte[] NgCount) is required for IIoT.Edge.Contracts.DataPipeline.Stores.BufferSummaryDto materialization
2026-03-31 11:07:40.779 [WARN] [DeviceService] 云端寻址超时
2026-03-31 11:07:40.780 [INFO] [DeviceService] 状态切换 → Offline
2026-03-31 11:08:07.667 [INFO] [ContextStore] 已保存 2 台设备的生产上下文
2026-03-31 11:08:12.862 [INFO] [ContextStore] 已保存 2 台设备的生产上下文
2026-03-31 11:08:12.948 [INFO] [CapacitySync] 产能同步已停止
2026-03-31 11:08:12.977 [INFO] [Lifecycle] 生产上下文已保存
2026-03-31 11:08:13.901 [WARN] [DeviceService] 云端寻址超时
2026-03-31 13:06:27.569 [INFO] [Dapper] 表 capacity_buffer 初始化完成（pipeline.db）
2026-03-31 13:06:27.600 [INFO] [Dapper] 表 device_log_buffer 初始化完成（pipeline.db）
2026-03-31 13:06:27.600 [INFO] [Dapper] 表 failed_cell_records 初始化完成（pipeline.db）
2026-03-31 13:06:27.688 [INFO] [ContextStore] 已恢复 2 台设备的生产上下文
2026-03-31 13:06:27.691 [INFO]   [test] 在制电芯: 0个, 步骤: 无, 当天产能: 白班=0/夜班=0
2026-03-31 13:06:27.691 [INFO]   [test2] 在制电芯: 0个, 步骤: 无, 当天产能: 白班=0/夜班=0
2026-03-31 13:06:27.691 [INFO] [Lifecycle] 生产上下文已加载
2026-03-31 13:06:30.599 [INFO] [DeviceService] 心跳循环启动
2026-03-31 13:06:31.264 [INFO] PLC任务体系初始化完成
2026-03-31 13:06:32.391 [INFO] [CapacitySync] 产能同步启动，间隔 60 秒
2026-03-31 13:06:32.434 [INFO] RetryTask[MES] 启动，执行间隔: 5000ms
2026-03-31 13:06:32.434 [INFO] ProcessQueueTask 启动，执行间隔: 50ms
2026-03-31 13:06:32.434 [INFO] RetryTask[Cloud] 启动，执行间隔: 5000ms
2026-03-31 13:06:32.679 [INFO] [DeviceLogSync] 日志同步启动，间隔 60 秒
2026-03-31 13:06:32.788 [INFO] [Lifecycle] 所有后台服务已启动
2026-03-31 13:06:35.313 [WARN] [DeviceService] 云端寻址超时
2026-03-31 13:06:35.348 [INFO] [DeviceService] 加载本地缓存: 测试开发设备
2026-03-31 13:07:00.619 [INFO] [ContextStore] 已保存 2 台设备的生产上下文
2026-03-31 13:07:08.540 [WARN] [DeviceService] 云端寻址超时
2026-03-31 13:07:30.650 [INFO] [ContextStore] 已保存 2 台设备的生产上下文
2026-03-31 13:07:41.703 [WARN] [DeviceService] 云端寻址超时
2026-03-31 13:08:00.690 [INFO] [ContextStore] 已保存 2 台设备的生产上下文
2026-03-31 13:08:14.860 [WARN] [DeviceService] 云端寻址超时
2026-03-31 13:08:30.703 [INFO] [ContextStore] 已保存 2 台设备的生产上下文
2026-03-31 13:08:48.078 [WARN] [DeviceService] 云端寻址超时
2026-03-31 13:09:00.747 [INFO] [ContextStore] 已保存 2 台设备的生产上下文
2026-03-31 13:09:21.248 [WARN] [DeviceService] 云端寻址超时
2026-03-31 13:09:30.754 [INFO] [ContextStore] 已保存 2 台设备的生产上下文
2026-03-31 13:09:54.406 [WARN] [DeviceService] 云端寻址超时
2026-03-31 13:10:00.811 [INFO] [ContextStore] 已保存 2 台设备的生产上下文
2026-03-31 13:10:27.530 [WARN] [DeviceService] 云端寻址超时
2026-03-31 13:10:30.858 [INFO] [ContextStore] 已保存 2 台设备的生产上下文
2026-03-31 13:11:00.675 [WARN] [DeviceService] 云端寻址超时
2026-03-31 13:11:00.876 [INFO] [ContextStore] 已保存 2 台设备的生产上下文
2026-03-31 13:11:07.675 [INFO] [Dapper] 表 capacity_buffer 初始化完成（pipeline.db）
2026-03-31 13:11:07.702 [INFO] [Dapper] 表 device_log_buffer 初始化完成（pipeline.db）
2026-03-31 13:11:07.703 [INFO] [Dapper] 表 failed_cell_records 初始化完成（pipeline.db）
2026-03-31 13:11:07.768 [INFO] [ContextStore] 已恢复 2 台设备的生产上下文
2026-03-31 13:11:07.771 [INFO]   [test] 在制电芯: 0个, 步骤: 无, 当天产能: 白班=0/夜班=0
2026-03-31 13:11:07.771 [INFO]   [test2] 在制电芯: 0个, 步骤: 无, 当天产能: 白班=0/夜班=0
2026-03-31 13:11:07.771 [INFO] [Lifecycle] 生产上下文已加载
2026-03-31 13:11:09.410 [INFO] [DeviceService] 心跳循环启动
2026-03-31 13:11:09.763 [INFO] PLC任务体系初始化完成
2026-03-31 13:11:10.442 [INFO] [CapacitySync] 产能同步启动，间隔 60 秒
2026-03-31 13:11:10.470 [INFO] ProcessQueueTask 启动，执行间隔: 50ms
2026-03-31 13:11:10.470 [INFO] RetryTask[Cloud] 启动，执行间隔: 5000ms
2026-03-31 13:11:10.470 [INFO] RetryTask[MES] 启动，执行间隔: 5000ms
2026-03-31 13:11:10.813 [INFO] [DeviceLogSync] 日志同步启动，间隔 60 秒
2026-03-31 13:11:10.881 [INFO] [Lifecycle] 所有后台服务已启动
2026-03-31 13:11:13.452 [WARN] [DeviceService] 云端寻址超时
2026-03-31 13:11:13.475 [INFO] [DeviceService] 加载本地缓存: 测试开发设备
2026-03-31 13:11:39.420 [INFO] [ContextStore] 已保存 2 台设备的生产上下文
2026-03-31 13:11:45.831 [INFO] [DeviceService] 状态切换 → Online
2026-03-31 13:12:09.424 [INFO] [ContextStore] 已保存 2 台设备的生产上下文
2026-03-31 13:12:39.428 [INFO] [ContextStore] 已保存 2 台设备的生产上下文
2026-03-31 13:13:09.431 [INFO] [ContextStore] 已保存 2 台设备的生产上下文
2026-03-31 13:13:39.494 [INFO] [ContextStore] 已保存 2 台设备的生产上下文
2026-03-31 13:14:09.497 [INFO] [ContextStore] 已保存 2 台设备的生产上下文
2026-03-31 13:14:39.501 [INFO] [ContextStore] 已保存 2 台设备的生产上下文
2026-03-31 13:15:09.553 [INFO] [ContextStore] 已保存 2 台设备的生产上下文
2026-03-31 13:15:39.558 [INFO] [ContextStore] 已保存 2 台设备的生产上下文
2026-03-31 13:16:09.563 [INFO] [ContextStore] 已保存 2 台设备的生产上下文
2026-03-31 13:16:39.565 [INFO] [ContextStore] 已保存 2 台设备的生产上下文
2026-03-31 13:17:09.567 [INFO] [ContextStore] 已保存 2 台设备的生产上下文
2026-03-31 13:17:39.585 [INFO] [ContextStore] 已保存 2 台设备的生产上下文
2026-03-31 13:18:09.604 [INFO] [ContextStore] 已保存 2 台设备的生产上下文
2026-03-31 13:18:39.608 [INFO] [ContextStore] 已保存 2 台设备的生产上下文
2026-03-31 13:19:09.610 [INFO] [ContextStore] 已保存 2 台设备的生产上下文
2026-03-31 13:19:39.615 [INFO] [ContextStore] 已保存 2 台设备的生产上下文
2026-03-31 13:19:57.906 [INFO] [ContextStore] 已保存 2 台设备的生产上下文
2026-03-31 13:19:58.037 [INFO] [CapacitySync] 产能同步已停止
2026-03-31 13:19:58.115 [INFO] [DeviceService] 心跳循环停止
2026-03-31 13:19:58.157 [INFO] [Lifecycle] 生产上下文已保存
2026-03-31 13:19:58.306 [INFO] [ContextStore] 已保存 2 台设备的生产上下文
2026-03-31 13:19:58.316 [INFO] [Lifecycle] 所有服务已停止
2026-03-31 13:25:01.209 [INFO] [Dapper] 表 capacity_buffer 初始化完成（pipeline.db）
2026-03-31 13:25:01.245 [INFO] [Dapper] 表 device_log_buffer 初始化完成（pipeline.db）
2026-03-31 13:25:01.246 [INFO] [Dapper] 表 failed_cell_records 初始化完成（pipeline.db）
2026-03-31 13:25:01.322 [INFO] [ContextStore] 已恢复 2 台设备的生产上下文
2026-03-31 13:25:01.325 [INFO]   [test] 在制电芯: 0个, 步骤: 无, 当天产能: 白班=0/夜班=0
2026-03-31 13:25:01.325 [INFO]   [test2] 在制电芯: 0个, 步骤: 无, 当天产能: 白班=0/夜班=0
2026-03-31 13:25:01.326 [INFO] [Recipe] 配方加载完成: 云端 0 个参数，本地 0 个参数
2026-03-31 13:25:01.326 [INFO] [Lifecycle] 生产上下文 + 配方数据已加载
2026-03-31 13:25:03.635 [INFO] [DeviceService] 心跳循环启动
2026-03-31 13:25:03.999 [INFO] PLC任务体系初始化完成
2026-03-31 13:25:04.781 [INFO] [CapacitySync] 产能同步启动，间隔 60 秒
2026-03-31 13:25:04.814 [INFO] RetryTask[Cloud] 启动，执行间隔: 5000ms
2026-03-31 13:25:04.814 [INFO] ProcessQueueTask 启动，执行间隔: 50ms
2026-03-31 13:25:04.814 [INFO] RetryTask[MES] 启动，执行间隔: 5000ms
2026-03-31 13:25:04.983 [INFO] [DeviceService] 设备信息更新: 测试开发设备 (00155D9E7ADC)
2026-03-31 13:25:05.289 [INFO] [DeviceLogSync] 日志同步启动，间隔 60 秒
2026-03-31 13:25:05.350 [INFO] [DeviceService] 状态切换 → Online
2026-03-31 13:25:05.363 [INFO] [Lifecycle] 所有后台服务已启动
2026-03-31 13:27:21.780 [INFO] [Dapper] 表 capacity_buffer 初始化完成（pipeline.db）
2026-03-31 13:27:21.806 [INFO] [Dapper] 表 device_log_buffer 初始化完成（pipeline.db）
2026-03-31 13:27:21.807 [INFO] [Dapper] 表 failed_cell_records 初始化完成（pipeline.db）
2026-03-31 13:27:21.878 [INFO] [ContextStore] 已恢复 2 台设备的生产上下文
2026-03-31 13:27:21.880 [INFO]   [test] 在制电芯: 0个, 步骤: 无, 当天产能: 白班=0/夜班=0
2026-03-31 13:27:21.881 [INFO]   [test2] 在制电芯: 0个, 步骤: 无, 当天产能: 白班=0/夜班=0
2026-03-31 13:27:21.882 [INFO] [Recipe] 配方加载完成: 云端 0 个参数，本地 0 个参数
2026-03-31 13:27:21.883 [INFO] [Lifecycle] 生产上下文 + 配方数据已加载
2026-03-31 13:27:23.538 [INFO] [DeviceService] 心跳循环启动
2026-03-31 13:27:23.923 [INFO] PLC任务体系初始化完成
2026-03-31 13:27:24.643 [INFO] [CapacitySync] 产能同步启动，间隔 60 秒
2026-03-31 13:27:24.674 [INFO] ProcessQueueTask 启动，执行间隔: 50ms
2026-03-31 13:27:24.674 [INFO] RetryTask[MES] 启动，执行间隔: 5000ms
2026-03-31 13:27:24.674 [INFO] RetryTask[Cloud] 启动，执行间隔: 5000ms
2026-03-31 13:27:24.792 [INFO] [DeviceLogSync] 日志同步启动，间隔 60 秒
2026-03-31 13:27:24.905 [INFO] [DeviceService] 设备信息更新: 测试开发设备 (00155D9E7ADC)
2026-03-31 13:27:24.923 [INFO] [Lifecycle] 所有后台服务已启动
2026-03-31 13:27:24.979 [INFO] [DeviceService] 状态切换 → Online
2026-03-31 13:27:34.644 [WARN] [Recipe] 云端返回数据为空或解析失败
2026-03-31 13:27:53.562 [INFO] [ContextStore] 已保存 2 台设备的生产上下文
2026-03-31 13:28:23.576 [INFO] [ContextStore] 已保存 2 台设备的生产上下文
2026-03-31 13:28:53.618 [INFO] [ContextStore] 已保存 2 台设备的生产上下文
2026-03-31 13:29:13.582 [INFO] [Recipe] 云端配方拉取成功: test开发设备 V1.0，参数 1 个
2026-03-31 13:30:46.143 [INFO] [Dapper] 表 capacity_buffer 初始化完成（pipeline.db）
2026-03-31 13:30:46.161 [INFO] [Dapper] 表 device_log_buffer 初始化完成（pipeline.db）
2026-03-31 13:30:46.162 [INFO] [Dapper] 表 failed_cell_records 初始化完成（pipeline.db）
2026-03-31 13:30:46.231 [INFO] [ContextStore] 已恢复 2 台设备的生产上下文
2026-03-31 13:30:46.234 [INFO]   [test] 在制电芯: 0个, 步骤: 无, 当天产能: 白班=0/夜班=0
2026-03-31 13:30:46.234 [INFO]   [test2] 在制电芯: 0个, 步骤: 无, 当天产能: 白班=0/夜班=0
2026-03-31 13:30:46.239 [INFO] [Recipe] 配方加载完成: 云端 1 个参数，本地 0 个参数
2026-03-31 13:30:46.239 [INFO] [Lifecycle] 生产上下文 + 配方数据已加载
2026-03-31 13:30:48.020 [INFO] [DeviceService] 心跳循环启动
2026-03-31 13:30:48.395 [INFO] PLC任务体系初始化完成
2026-03-31 13:30:49.131 [INFO] [CapacitySync] 产能同步启动，间隔 60 秒
2026-03-31 13:30:49.162 [INFO] RetryTask[MES] 启动，执行间隔: 5000ms
2026-03-31 13:30:49.162 [INFO] ProcessQueueTask 启动，执行间隔: 50ms
2026-03-31 13:30:49.162 [INFO] RetryTask[Cloud] 启动，执行间隔: 5000ms
2026-03-31 13:30:49.322 [INFO] [DeviceService] 设备信息更新: 测试开发设备 (00155D9E7ADC)
2026-03-31 13:30:49.417 [INFO] [DeviceLogSync] 日志同步启动，间隔 60 秒
2026-03-31 13:30:49.510 [INFO] [DeviceService] 状态切换 → Online
2026-03-31 13:30:49.534 [INFO] [Lifecycle] 所有后台服务已启动
2026-03-31 13:31:18.026 [INFO] [ContextStore] 已保存 2 台设备的生产上下文
2026-03-31 13:31:48.030 [INFO] [ContextStore] 已保存 2 台设备的生产上下文
2026-03-31 13:32:18.035 [INFO] [ContextStore] 已保存 2 台设备的生产上下文
2026-03-31 13:32:48.038 [INFO] [ContextStore] 已保存 2 台设备的生产上下文
2026-03-31 13:33:02.213 [ERROR] [Recipe] 云端配方拉取失败
2026-03-31 13:33:18.044 [INFO] [ContextStore] 已保存 2 台设备的生产上下文
2026-03-31 13:33:48.061 [INFO] [ContextStore] 已保存 2 台设备的生产上下文
2026-03-31 13:34:18.067 [INFO] [ContextStore] 已保存 2 台设备的生产上下文
2026-03-31 13:34:48.097 [INFO] [ContextStore] 已保存 2 台设备的生产上下文
2026-03-31 13:35:18.151 [INFO] [ContextStore] 已保存 2 台设备的生产上下文
2026-03-31 13:35:48.181 [INFO] [ContextStore] 已保存 2 台设备的生产上下文
2026-03-31 13:35:52.727 [WARN] [DeviceService] 云端寻址超时
2026-03-31 13:35:52.765 [INFO] [DeviceService] 状态切换 → Offline
2026-03-31 13:39:50.846 [INFO] [Dapper] 表 capacity_buffer 初始化完成（pipeline.db）
2026-03-31 13:39:50.862 [INFO] [Dapper] 表 device_log_buffer 初始化完成（pipeline.db）
2026-03-31 13:39:50.862 [INFO] [Dapper] 表 failed_cell_records 初始化完成（pipeline.db）
2026-03-31 13:39:50.923 [INFO] [ContextStore] 已恢复 2 台设备的生产上下文
2026-03-31 13:39:50.926 [INFO]   [test] 在制电芯: 0个, 步骤: 无, 当天产能: 白班=0/夜班=0
2026-03-31 13:39:50.926 [INFO]   [test2] 在制电芯: 0个, 步骤: 无, 当天产能: 白班=0/夜班=0
2026-03-31 13:39:50.956 [ERROR] [Recipe] 文件加载失败 C:\Users\jinha\Desktop\产线系统架构升级\IIoT.EdgeClient\src\Edge\publish\Debug\net10.0-windows\data\recipe\cloud_recipe.json: The JSON value could not be converted to IIoT.Edge.Common.DataPipeline.Recipe.RecipeParam. Path: $.parameters._raw | LineNumber: 7 | BytePositionInLine: 410.
2026-03-31 13:39:50.956 [INFO] [Recipe] 配方加载完成: 云端 0 个参数，本地 0 个参数
2026-03-31 13:39:50.956 [INFO] [Lifecycle] 生产上下文 + 配方数据已加载
2026-03-31 13:39:52.633 [INFO] [DeviceService] 心跳循环启动
2026-03-31 13:39:53.006 [INFO] PLC任务体系初始化完成
2026-03-31 13:39:53.936 [INFO] [CapacitySync] 产能同步启动，间隔 60 秒
2026-03-31 13:39:53.965 [INFO] RetryTask[MES] 启动，执行间隔: 5000ms
2026-03-31 13:39:53.965 [INFO] ProcessQueueTask 启动，执行间隔: 50ms
2026-03-31 13:39:53.965 [INFO] RetryTask[Cloud] 启动，执行间隔: 5000ms
2026-03-31 13:39:54.113 [INFO] [DeviceLogSync] 日志同步启动，间隔 60 秒
2026-03-31 13:39:54.214 [INFO] [Lifecycle] 所有后台服务已启动
2026-03-31 13:39:55.757 [WARN] [Recipe] 设备未寻址，无法拉取配方
2026-03-31 13:39:56.932 [WARN] [DeviceService] 云端寻址超时
2026-03-31 13:39:56.996 [INFO] [DeviceService] 加载本地缓存: 测试开发设备
2026-03-31 13:40:12.709 [WARN] [Recipe] 网络离线，无法拉取配方
2026-03-31 13:40:22.103 [WARN] [Recipe] 网络离线，无法拉取配方
2026-03-31 13:40:22.642 [INFO] [ContextStore] 已保存 2 台设备的生产上下文
2026-03-31 13:40:27.145 [INFO] [DeviceService] 状态切换 → Online
2026-03-31 13:40:29.606 [ERROR] [Recipe] 配方解析异常: The requested operation requires an element of type 'Object', but the target element has type 'Array'.
2026-03-31 13:40:52.660 [INFO] [ContextStore] 已保存 2 台设备的生产上下文
2026-03-31 13:41:22.743 [INFO] [ContextStore] 已保存 2 台设备的生产上下文
2026-03-31 13:41:52.758 [INFO] [ContextStore] 已保存 2 台设备的生产上下文
2026-03-31 13:43:46.473 [INFO] [Dapper] 表 capacity_buffer 初始化完成（pipeline.db）
2026-03-31 13:43:46.515 [INFO] [Dapper] 表 device_log_buffer 初始化完成（pipeline.db）
2026-03-31 13:43:46.516 [INFO] [Dapper] 表 failed_cell_records 初始化完成（pipeline.db）
2026-03-31 13:43:46.618 [INFO] [ContextStore] 已恢复 2 台设备的生产上下文
2026-03-31 13:43:46.622 [INFO]   [test] 在制电芯: 0个, 步骤: 无, 当天产能: 白班=0/夜班=0
2026-03-31 13:43:46.623 [INFO]   [test2] 在制电芯: 0个, 步骤: 无, 当天产能: 白班=0/夜班=0
2026-03-31 13:43:46.657 [ERROR] [Recipe] 文件加载失败 C:\Users\jinha\Desktop\产线系统架构升级\IIoT.EdgeClient\src\Edge\publish\Debug\net10.0-windows\data\recipe\cloud_recipe.json: The JSON value could not be converted to IIoT.Edge.Common.DataPipeline.Recipe.RecipeParam. Path: $.parameters._raw | LineNumber: 7 | BytePositionInLine: 410.
2026-03-31 13:43:46.659 [INFO] [Recipe] 配方加载完成: 云端 0 个参数，本地 0 个参数
2026-03-31 13:43:46.659 [INFO] [Lifecycle] 生产上下文 + 配方数据已加载
2026-03-31 13:43:48.665 [INFO] [DeviceService] 心跳循环启动
2026-03-31 13:43:49.053 [INFO] PLC任务体系初始化完成
2026-03-31 13:43:49.885 [INFO] [CapacitySync] 产能同步启动，间隔 60 秒
2026-03-31 13:43:49.917 [INFO] ProcessQueueTask 启动，执行间隔: 50ms
2026-03-31 13:43:49.917 [INFO] RetryTask[Cloud] 启动，执行间隔: 5000ms
2026-03-31 13:43:49.917 [INFO] RetryTask[MES] 启动，执行间隔: 5000ms
2026-03-31 13:43:50.042 [INFO] [DeviceLogSync] 日志同步启动，间隔 60 秒
2026-03-31 13:43:50.070 [INFO] [DeviceService] 设备信息更新: 测试开发设备 (00155D9E7ADC)
2026-03-31 13:43:50.111 [INFO] [Lifecycle] 所有后台服务已启动
2026-03-31 13:43:50.162 [INFO] [DeviceService] 状态切换 → Online
2026-03-31 13:43:54.199 [INFO] [Recipe] 云端配方拉取成功: test开发设备 V1.0，参数 2 个
2026-03-31 13:44:14.164 [INFO] [CapacitySync] 产能同步已停止
2026-03-31 13:44:14.226 [INFO] [DeviceService] 心跳循环停止
2026-03-31 13:44:14.275 [INFO] [ContextStore] 已保存 2 台设备的生产上下文
2026-03-31 13:44:14.348 [INFO] [Lifecycle] 生产上下文 + 配方数据已保存
2026-03-31 13:44:14.397 [INFO] [ContextStore] 已保存 2 台设备的生产上下文
2026-03-31 13:44:14.409 [INFO] [Lifecycle] 所有服务已停止
2026-03-31 13:47:08.221 [INFO] [Dapper] 表 capacity_buffer 初始化完成（pipeline.db）
2026-03-31 13:47:08.242 [INFO] [Dapper] 表 device_log_buffer 初始化完成（pipeline.db）
2026-03-31 13:47:08.243 [INFO] [Dapper] 表 failed_cell_records 初始化完成（pipeline.db）
2026-03-31 13:47:08.306 [INFO] [ContextStore] 已恢复 2 台设备的生产上下文
2026-03-31 13:47:08.308 [INFO]   [test] 在制电芯: 0个, 步骤: 无, 当天产能: 白班=0/夜班=0
2026-03-31 13:47:08.308 [INFO]   [test2] 在制电芯: 0个, 步骤: 无, 当天产能: 白班=0/夜班=0
2026-03-31 13:47:08.318 [INFO] [Recipe] 配方加载完成: 云端 2 个参数，本地 0 个参数
2026-03-31 13:47:08.319 [INFO] [Lifecycle] 生产上下文 + 配方数据已加载
2026-03-31 13:47:09.916 [INFO] [DeviceService] 心跳循环启动
2026-03-31 13:47:10.310 [INFO] PLC任务体系初始化完成
2026-03-31 13:47:10.992 [INFO] [CapacitySync] 产能同步启动，间隔 60 秒
2026-03-31 13:47:11.024 [INFO] ProcessQueueTask 启动，执行间隔: 50ms
2026-03-31 13:47:11.024 [INFO] RetryTask[MES] 启动，执行间隔: 5000ms
2026-03-31 13:47:11.024 [INFO] RetryTask[Cloud] 启动，执行间隔: 5000ms
2026-03-31 13:47:11.131 [INFO] [DeviceLogSync] 日志同步启动，间隔 60 秒
2026-03-31 13:47:11.218 [INFO] [DeviceService] 设备信息更新: 测试开发设备 (00155D9E7ADC)
2026-03-31 13:47:11.239 [INFO] [Lifecycle] 所有后台服务已启动
2026-03-31 13:47:11.283 [INFO] [DeviceService] 状态切换 → Online
2026-03-31 13:47:39.932 [INFO] [ContextStore] 已保存 2 台设备的生产上下文
2026-03-31 13:48:09.949 [INFO] [ContextStore] 已保存 2 台设备的生产上下文
2026-03-31 13:48:39.968 [INFO] [ContextStore] 已保存 2 台设备的生产上下文
2026-03-31 13:49:09.986 [INFO] [ContextStore] 已保存 2 台设备的生产上下文
2026-03-31 13:49:40.025 [INFO] [ContextStore] 已保存 2 台设备的生产上下文
2026-03-31 13:50:10.037 [INFO] [ContextStore] 已保存 2 台设备的生产上下文
2026-03-31 13:50:40.051 [INFO] [ContextStore] 已保存 2 台设备的生产上下文
2026-03-31 13:51:10.128 [INFO] [ContextStore] 已保存 2 台设备的生产上下文
2026-03-31 13:51:40.145 [INFO] [ContextStore] 已保存 2 台设备的生产上下文
2026-03-31 13:52:10.170 [INFO] [ContextStore] 已保存 2 台设备的生产上下文
2026-03-31 13:52:12.313 [INFO] [CapacitySync] 产能同步已停止
2026-03-31 13:52:12.367 [INFO] [ContextStore] 已保存 2 台设备的生产上下文
2026-03-31 13:52:12.689 [INFO] [Lifecycle] 生产上下文 + 配方数据已保存
2026-03-31 13:52:14.813 [WARN] [DeviceService] 云端寻址超时
2026-03-31 22:46:04.438 [INFO] [Dapper] 表 capacity_buffer 初始化完成（pipeline.db）
2026-03-31 22:46:04.457 [INFO] [Dapper] 表 device_log_buffer 初始化完成（pipeline.db）
2026-03-31 22:46:04.458 [INFO] [Dapper] 表 failed_cell_records 初始化完成（pipeline.db）
2026-03-31 22:46:04.530 [INFO] [ContextStore] 已恢复 2 台设备的生产上下文
2026-03-31 22:46:04.533 [INFO]   [test] 在制电芯: 0个, 步骤: 无, 当天产能: 白班=0/夜班=0
2026-03-31 22:46:04.536 [INFO]   [test2] 在制电芯: 0个, 步骤: 无, 当天产能: 白班=0/夜班=0
2026-03-31 22:46:04.553 [INFO] [Recipe] 配方加载完成: 云端 2 个参数，本地 0 个参数
2026-03-31 22:46:04.557 [INFO] [Lifecycle] 生产上下文 + 配方数据已加载
2026-03-31 22:46:06.846 [INFO] [DeviceService] 心跳循环启动
2026-03-31 22:46:07.291 [INFO] PLC任务体系初始化完成
2026-03-31 22:46:08.251 [INFO] [CapacitySync] 产能同步启动，间隔 60 秒
2026-03-31 22:46:08.290 [INFO] ProcessQueueTask 启动，执行间隔: 50ms
2026-03-31 22:46:08.290 [INFO] RetryTask[MES] 启动，执行间隔: 5000ms
2026-03-31 22:46:08.290 [INFO] RetryTask[Cloud] 启动，执行间隔: 5000ms
2026-03-31 22:46:08.394 [INFO] [DeviceLogSync] 日志同步启动，间隔 60 秒
2026-03-31 22:46:08.473 [INFO] [Lifecycle] 所有后台服务已启动
2026-03-31 22:46:11.227 [WARN] [DeviceService] 云端寻址超时
2026-03-31 22:46:11.488 [INFO] [DeviceService] 加载本地缓存: 测试开发设备
2026-03-31 22:46:36.865 [INFO] [ContextStore] 已保存 2 台设备的生产上下文
2026-03-31 22:46:43.008 [INFO] [ContextStore] 已保存 2 台设备的生产上下文
2026-03-31 22:46:43.270 [INFO] [CapacitySync] 产能同步已停止
2026-03-31 22:46:43.584 [INFO] [Lifecycle] 生产上下文 + 配方数据已保存
2026-03-31 22:46:44.734 [WARN] [DeviceService] 云端寻址超时
2026-03-31 22:50:54.953 [INFO] [Dapper] 表 capacity_buffer 初始化完成（pipeline.db）
2026-03-31 22:50:54.978 [INFO] [Dapper] 表 device_log_buffer 初始化完成（pipeline.db）
2026-03-31 22:50:54.979 [INFO] [Dapper] 表 failed_cell_records 初始化完成（pipeline.db）
2026-03-31 22:50:55.056 [INFO] [ContextStore] 已恢复 2 台设备的生产上下文
2026-03-31 22:50:55.061 [INFO]   [test] 在制电芯: 0个, 步骤: 无, 当天产能: 白班=0/夜班=0
2026-03-31 22:50:55.061 [INFO]   [test2] 在制电芯: 0个, 步骤: 无, 当天产能: 白班=0/夜班=0
2026-03-31 22:50:55.076 [INFO] [Recipe] 配方加载完成: 云端 2 个参数，本地 0 个参数
2026-03-31 22:50:55.076 [INFO] [Lifecycle] 生产上下文 + 配方数据已加载
2026-03-31 22:50:57.380 [INFO] [DeviceService] 心跳循环启动
2026-03-31 22:50:57.874 [INFO] PLC任务体系初始化完成
2026-03-31 22:50:59.433 [INFO] [CapacitySync] 产能同步启动，间隔 60 秒
2026-03-31 22:50:59.434 [INFO] ProcessQueueTask 启动，执行间隔: 50ms
2026-03-31 22:50:59.434 [INFO] RetryTask[Cloud] 启动，执行间隔: 5000ms
2026-03-31 22:50:59.434 [INFO] RetryTask[MES] 启动，执行间隔: 5000ms
2026-03-31 22:50:59.586 [INFO] [DeviceLogSync] 日志同步启动，间隔 60 秒
2026-03-31 22:50:59.665 [INFO] [Lifecycle] 所有后台服务已启动
2026-03-31 22:51:02.270 [WARN] [DeviceService] 云端寻址超时
2026-03-31 22:51:02.499 [INFO] [DeviceService] 加载本地缓存: 测试开发设备
2026-03-31 22:51:27.425 [INFO] [ContextStore] 已保存 2 台设备的生产上下文
2026-03-31 22:51:36.038 [WARN] [DeviceService] 云端寻址超时
2026-03-31 22:51:36.164 [INFO] ProcessQueueTask 已停止
2026-03-31 22:51:36.164 [INFO] RetryTask[MES] 已停止
2026-03-31 22:51:36.246 [INFO] RetryTask[Cloud] 已停止
2026-03-31 22:51:36.323 [INFO] [ContextStore] 已保存 2 台设备的生产上下文
2026-03-31 22:51:36.352 [INFO] [CapacitySync] 产能同步已停止
2026-03-31 22:51:36.583 [INFO] [DeviceService] 心跳循环停止
2026-03-31 22:51:36.595 [INFO] [Lifecycle] 生产上下文 + 配方数据已保存
2026-03-31 22:51:36.758 [INFO] [ContextStore] 已保存 2 台设备的生产上下文
2026-03-31 22:51:36.784 [INFO] [Lifecycle] 所有服务已停止
2026-03-31 22:55:42.251 [INFO] [Dapper] 表 capacity_buffer 初始化完成（pipeline.db）
2026-03-31 22:55:42.275 [INFO] [Dapper] 表 device_log_buffer 初始化完成（pipeline.db）
2026-03-31 22:55:42.276 [INFO] [Dapper] 表 failed_cell_records 初始化完成（pipeline.db）
2026-03-31 22:55:42.392 [INFO] [ContextStore] 已恢复 2 台设备的生产上下文
2026-03-31 22:55:42.396 [INFO]   [test] 在制电芯: 0个, 步骤: 无, 当天产能: 白班=0/夜班=0
2026-03-31 22:55:42.397 [INFO]   [test2] 在制电芯: 0个, 步骤: 无, 当天产能: 白班=0/夜班=0
2026-03-31 22:55:42.413 [INFO] [Recipe] 配方加载完成: 云端 2 个参数，本地 0 个参数
2026-03-31 22:55:42.414 [INFO] [Lifecycle] 生产上下文 + 配方数据已加载
2026-03-31 22:55:44.900 [INFO] [DeviceService] 心跳循环启动
2026-03-31 22:55:45.431 [INFO] PLC任务体系初始化完成
2026-03-31 22:55:47.344 [INFO] [CapacitySync] 产能同步启动，间隔 60 秒
2026-03-31 22:55:47.346 [INFO] ProcessQueueTask 启动，执行间隔: 50ms
2026-03-31 22:55:47.346 [INFO] RetryTask[MES] 启动，执行间隔: 5000ms
2026-03-31 22:55:47.346 [INFO] RetryTask[Cloud] 启动，执行间隔: 5000ms
2026-03-31 22:55:47.492 [INFO] [DeviceLogSync] 日志同步启动，间隔 60 秒
2026-03-31 22:55:47.577 [INFO] [Lifecycle] 所有后台服务已启动
2026-03-31 22:55:50.181 [WARN] [DeviceService] 云端寻址超时
2026-03-31 22:55:50.244 [INFO] [DeviceService] 加载本地缓存: 测试开发设备
2026-03-31 22:56:14.915 [INFO] [ContextStore] 已保存 2 台设备的生产上下文
2026-03-31 22:56:18.680 [INFO] RetryTask[MES] 已停止
2026-03-31 22:56:18.681 [INFO] ProcessQueueTask 已停止
2026-03-31 22:56:18.744 [INFO] RetryTask[Cloud] 已停止
2026-03-31 22:56:18.817 [INFO] [ContextStore] 已保存 2 台设备的生产上下文
2026-03-31 22:56:18.843 [INFO] [CapacitySync] 产能同步已停止
2026-03-31 22:56:18.877 [INFO] [DeviceService] 心跳循环停止
2026-03-31 22:56:19.190 [INFO] [Lifecycle] 生产上下文 + 配方数据已保存
2026-03-31 22:56:19.248 [INFO] [ContextStore] 已保存 2 台设备的生产上下文
2026-03-31 22:56:19.463 [INFO] [Lifecycle] 所有服务已停止
2026-03-31 23:01:39.711 [INFO] [Dapper] 表 capacity_buffer 初始化完成（pipeline.db）
2026-03-31 23:01:39.752 [INFO] [Dapper] 表 device_log_buffer 初始化完成（pipeline.db）
2026-03-31 23:01:39.752 [INFO] [Dapper] 表 failed_cell_records 初始化完成（pipeline.db）
2026-03-31 23:01:39.833 [INFO] [ContextStore] 已恢复 2 台设备的生产上下文
2026-03-31 23:01:39.836 [INFO]   [test] 在制电芯: 0个, 步骤: 无, 当天产能: 白班=0/夜班=0
2026-03-31 23:01:39.836 [INFO]   [test2] 在制电芯: 0个, 步骤: 无, 当天产能: 白班=0/夜班=0
2026-03-31 23:01:39.849 [INFO] [Recipe] 配方加载完成: 云端 2 个参数，本地 0 个参数
2026-03-31 23:01:39.849 [INFO] [Lifecycle] 生产上下文 + 配方数据已加载
2026-03-31 23:01:42.081 [INFO] [DeviceService] 心跳循环启动
2026-03-31 23:01:42.444 [INFO] PLC任务体系初始化完成
2026-03-31 23:01:43.779 [INFO] [CapacitySync] 产能同步启动，间隔 60 秒
2026-03-31 23:01:43.829 [INFO] ProcessQueueTask 启动，执行间隔: 50ms
2026-03-31 23:01:43.829 [INFO] RetryTask[Cloud] 启动，执行间隔: 5000ms
2026-03-31 23:01:43.829 [INFO] RetryTask[MES] 启动，执行间隔: 5000ms
2026-03-31 23:01:43.971 [INFO] [DeviceLogSync] 日志同步启动，间隔 60 秒
2026-03-31 23:01:44.141 [INFO] [Lifecycle] 所有后台服务已启动
2026-03-31 23:01:46.919 [WARN] [DeviceService] 云端寻址超时
2026-03-31 23:01:47.405 [INFO] [DeviceService] 加载本地缓存: 测试开发设备
2026-03-31 23:02:02.971 [INFO] RetryTask[MES] 已停止
2026-03-31 23:02:02.973 [INFO] ProcessQueueTask 已停止
2026-03-31 23:02:02.981 [INFO] RetryTask[Cloud] 已停止
2026-03-31 23:02:03.017 [INFO] [CapacitySync] 产能同步已停止
2026-03-31 23:02:03.027 [INFO] [DeviceService] 心跳循环停止
2026-03-31 23:02:03.039 [INFO] [ContextStore] 已保存 2 台设备的生产上下文
2026-03-31 23:02:03.652 [INFO] [Lifecycle] 生产上下文 + 配方数据已保存
2026-03-31 23:02:03.684 [INFO] [ContextStore] 已保存 2 台设备的生产上下文
2026-03-31 23:02:03.693 [INFO] [Lifecycle] 所有服务已停止
2026-03-31 23:08:28.223 [INFO] [Dapper] 表 capacity_buffer 初始化完成（pipeline.db）
2026-03-31 23:08:28.244 [INFO] [Dapper] 表 device_log_buffer 初始化完成（pipeline.db）
2026-03-31 23:08:28.245 [INFO] [Dapper] 表 failed_cell_records 初始化完成（pipeline.db）
2026-03-31 23:08:28.301 [INFO] [ContextStore] 已恢复 2 台设备的生产上下文
2026-03-31 23:08:28.303 [INFO]   [test] 在制电芯: 0个, 步骤: 无, 当天产能: 白班=0/夜班=0
2026-03-31 23:08:28.303 [INFO]   [test2] 在制电芯: 0个, 步骤: 无, 当天产能: 白班=0/夜班=0
2026-03-31 23:08:28.313 [INFO] [Recipe] 配方加载完成: 云端 2 个参数，本地 0 个参数
2026-03-31 23:08:28.314 [INFO] [Lifecycle] 生产上下文 + 配方数据已加载
2026-03-31 23:08:30.348 [INFO] [DeviceService] 心跳循环启动
2026-03-31 23:08:30.708 [INFO] PLC任务体系初始化完成
2026-03-31 23:08:31.956 [INFO] [CapacitySync] 产能同步启动，间隔 60 秒
2026-03-31 23:08:31.956 [INFO] RetryTask[Cloud] 启动，执行间隔: 5000ms
2026-03-31 23:08:31.956 [INFO] RetryTask[MES] 启动，执行间隔: 5000ms
2026-03-31 23:08:31.956 [INFO] ProcessQueueTask 启动，执行间隔: 50ms
2026-03-31 23:08:32.059 [INFO] [DeviceLogSync] 日志同步启动，间隔 60 秒
2026-03-31 23:08:32.157 [INFO] [Lifecycle] 所有后台服务已启动
2026-03-31 23:08:35.048 [WARN] [DeviceService] 云端寻址超时
2026-03-31 23:08:35.060 [INFO] [DeviceService] 加载本地缓存: 测试开发设备
2026-03-31 23:09:00.356 [INFO] [ContextStore] 已保存 2 台设备的生产上下文
2026-03-31 23:09:08.426 [WARN] [DeviceService] 云端寻址超时
2026-03-31 23:09:30.369 [INFO] [ContextStore] 已保存 2 台设备的生产上下文
2026-03-31 23:14:05.900 [INFO] [Dapper] 表 capacity_buffer 初始化完成（pipeline.db）
2026-03-31 23:14:05.915 [INFO] [Dapper] 表 device_log_buffer 初始化完成（pipeline.db）
2026-03-31 23:14:05.915 [INFO] [Dapper] 表 failed_cell_records 初始化完成（pipeline.db）
2026-03-31 23:14:05.973 [INFO] [ContextStore] 已恢复 2 台设备的生产上下文
2026-03-31 23:14:05.975 [INFO]   [test] 在制电芯: 0个, 步骤: 无, 当天产能: 白班=0/夜班=0
2026-03-31 23:14:05.977 [INFO]   [test2] 在制电芯: 0个, 步骤: 无, 当天产能: 白班=0/夜班=0
2026-03-31 23:14:05.985 [INFO] [Recipe] 配方加载完成: 云端 2 个参数，本地 0 个参数
2026-03-31 23:14:05.985 [INFO] [Lifecycle] 生产上下文 + 配方数据已加载
2026-03-31 23:14:07.714 [INFO] [DeviceService] 心跳循环启动
2026-03-31 23:14:08.015 [INFO] PLC任务体系初始化完成
2026-03-31 23:14:08.748 [INFO] [CapacitySync] 产能同步启动，间隔 60 秒
2026-03-31 23:14:08.774 [INFO] ProcessQueueTask 启动，执行间隔: 50ms
2026-03-31 23:14:08.774 [INFO] RetryTask[MES] 启动，执行间隔: 5000ms
2026-03-31 23:14:08.774 [INFO] RetryTask[Cloud] 启动，执行间隔: 5000ms
2026-03-31 23:14:08.837 [INFO] [DeviceLogSync] 日志同步启动，间隔 60 秒
2026-03-31 23:14:08.901 [INFO] [Lifecycle] 所有后台服务已启动
2026-03-31 23:14:11.787 [WARN] [DeviceService] 云端寻址超时
2026-03-31 23:14:11.799 [INFO] [DeviceService] 加载本地缓存: 测试开发设备
2026-03-31 23:14:15.538 [INFO] RetryTask[MES] 已停止
2026-03-31 23:14:15.590 [INFO] RetryTask[Cloud] 已停止
2026-03-31 23:14:15.590 [INFO] ProcessQueueTask 已停止
2026-03-31 23:14:15.600 [INFO] [CapacitySync] 产能同步已停止
2026-03-31 23:14:15.648 [INFO] [DeviceService] 心跳循环停止
2026-03-31 23:14:15.658 [INFO] [ContextStore] 已保存 2 台设备的生产上下文
2026-03-31 23:14:15.731 [INFO] [Lifecycle] 生产上下文 + 配方数据已保存
2026-03-31 23:14:15.763 [INFO] [ContextStore] 已保存 2 台设备的生产上下文
2026-03-31 23:14:15.772 [INFO] [Lifecycle] 所有服务已停止
